<?xml version="1.0" encoding="UTF-8"?> 
<project>                                  
  <executable name="./ceedling-build/test/test-build.elf">                 
    <memory name="program">                 
      <units>bytes</units>                 
      <length>2098304</length>                 
      <used>32088</used>                     
      <free>2066216</free>                     
    </memory>                              
    <memory name="data">              
      <units>bytes</units>                 
      <length>524288</length>                 
      <used>276</used>                     
      <free>524012</free>                     
    </memory>                              
  </executable>                            
</project>                                 
