<?xml version="1.0" encoding="UTF-8"?>

<project>
  <executable name="./Environment-Firmware.X/ceedling-build/test/test-build.elf">
    <memory name="data">
      <units>bytes</units>
      <length>16384</length>
      <used>122</used>
      <free>16262</free>
    </memory>
    <memory name="program">
      <units>bytes</units>
      <length>66816</length>
      <used>15456</used>
      <free>51360</free>
    </memory>
  </executable>
</project>
